2025-06-10 07:38:33 +0000  Initial pipeline context: <IDEDistributionProcessingPipelineContext: 0x5a6533e50; archive(resolved)="<IDEArchive: 0x6000c6c3c620>", distributionTask(resolved)="2", distributionDestination(resolved)="1", distributionMethod(resolved)="<IDEDistributionMethodDevelopmentSigned: 0x6000006dcc30>", team(resolved)="<IDEProvisioningDisambiguatableBasicTeam: 0x600005aa7dc0; teamID='7K3899X2M9', teamName='Chang Qing Tan', teamType='(null)', username='(null)', isFreeProvisioningTeam='0'>">
	Chain (15, self inclusive):
	<IDEDistributionProcessingPipelineContext: 0x5a6533e50; archive = "<IDEArchive: 0x6000c6c3c620>", distributionMethod="<IDEDistributionMethodDevelopmentSigned: 0x6000006dcc30>", team="<IDEProvisioningDisambiguatableBasicTeam: 0x600005aa7dc0; teamID='7K3899X2M9', teamName='Chang Qing Tan', teamType='(null)', username='(null)', isFreeProvisioningTeam='0'>">
	<IDEDistributionProcessingPipelineContext: 0x5a65af690; archive = "<IDEArchive: 0x6000c6c3c620>", distributionMethod="<IDEDistributionMethodDevelopmentSigned: 0x6000006dcc30>", team="<IDEProvisioningDisambiguatableBasicTeam: 0x600005aa7dc0; teamID='7K3899X2M9', teamName='Chang Qing Tan', teamType='(null)', username='(null)', isFreeProvisioningTeam='0'>">
	<IDEDistributionContext: 0x59d631960; archive = "<IDEArchive: 0x6000c6c3c620>", distributionMethod="<IDEDistributionMethodDevelopmentSigned: 0x6000006dcc30>", team="<IDEProvisioningDisambiguatableBasicTeam: 0x600005aa7dc0; teamID='7K3899X2M9', teamName='Chang Qing Tan', teamType='(null)', username='(null)', isFreeProvisioningTeam='0'>">
	<IDEDistributionContext: 0x5a65551e0; archive = "<IDEArchive: 0x6000c6c3c620>", distributionMethod="<IDEDistributionMethodDevelopmentSigned: 0x6000006dcc30>", team="<IDEProvisioningDisambiguatableBasicTeam: 0x600005aa7dc0; teamID='7K3899X2M9', teamName='Chang Qing Tan', teamType='(null)', username='(null)', isFreeProvisioningTeam='0'>">
	<IDEDistributionContext: 0x5a651cf50; archive = "<IDEArchive: 0x6000c6c3c620>", distributionMethod="<IDEDistributionMethodDevelopmentSigned: 0x6000006dcc30>", team="<IDEProvisioningDisambiguatableBasicTeam: 0x600005aa7dc0; teamID='7K3899X2M9', teamName='Chang Qing Tan', teamType='(null)', username='(null)', isFreeProvisioningTeam='0'>">
	<IDEDistributionContext: 0x5949b1810; archive = "<IDEArchive: 0x6000c6c3c620>", distributionMethod="<IDEDistributionMethodDevelopmentSigned: 0x6000006dcc30>", team="<IDEProvisioningDisambiguatableBasicTeam: 0x600005aa7dc0; teamID='7K3899X2M9', teamName='Chang Qing Tan', teamType='(null)', username='(null)', isFreeProvisioningTeam='0'>">
	<IDEDistributionContext: 0x594966020; archive = "<IDEArchive: 0x6000c6c3c620>", distributionMethod="<IDEDistributionMethodDevelopmentSigned: 0x6000006dcc30>", team="<IDEProvisioningDisambiguatableBasicTeam: 0x600005aa7dc0; teamID='7K3899X2M9', teamName='Chang Qing Tan', teamType='(null)', username='(null)', isFreeProvisioningTeam='0'>">
	<IDEDistributionContext: 0x3bedc5590; archive = "<IDEArchive: 0x6000c6c3c620>", distributionMethod="<IDEDistributionMethodDevelopmentSigned: 0x6000006dcc30>", team="<IDEProvisioningDisambiguatableBasicTeam: 0x600005aa7dc0; teamID='7K3899X2M9', teamName='Chang Qing Tan', teamType='(null)', username='(null)', isFreeProvisioningTeam='0'>">
	<IDEDistributionContext: 0x5997427d0; archive = "<IDEArchive: 0x6000c6c3c620>", distributionMethod="<IDEDistributionMethodDevelopmentSigned: 0x6000006dcc30>", team="<IDEProvisioningDisambiguatableBasicTeam: 0x600005aa7dc0; teamID='7K3899X2M9', teamName='Chang Qing Tan', teamType='(null)', username='(null)', isFreeProvisioningTeam='0'>">
	<IDEDistributionContext: 0x59d60c3f0; archive = "<IDEArchive: 0x6000c6c3c620>", distributionMethod="<IDEDistributionMethodDevelopmentSigned: 0x6000006dcc30>", team="(null)">
	<IDEDistributionContext: 0x599739d10; archive = "<IDEArchive: 0x6000c6c3c620>", distributionMethod="<IDEDistributionMethodDevelopmentSigned: 0x6000006dcc30>", team="(null)">
	<IDEDistributionContext: 0x5997b4650; archive = "<IDEArchive: 0x6000c6c3c620>", distributionMethod="<IDEDistributionMethodDevelopmentSigned: 0x6000006dcc30>", team="(null)">
	<IDEDistributionContext: 0x5ba7ee780; archive = "<IDEArchive: 0x6000c6c3c620>", distributionMethod="<IDEDistributionMethodDevelopmentSigned: 0x6000006dcc30>", team="(null)">
	<IDEDistributionContext: 0x5ba7ba260; archive = "<IDEArchive: 0x6000c6c3c620>", distributionMethod="(null)", team="(null)">
	<IDEDistributionContext: 0x5a654fa00; archive = "<IDEArchive: 0x6000c6c3c620>", distributionMethod="(null)", team="(null)">
</IDEDistributionProcessingPipelineContext: 0x5a6533e50>
2025-06-10 07:38:33 +0000  Processing step: IDEDistributionCreateDestRootStep
2025-06-10 07:38:33 +0000  Processing step: IDEDistributionCopyItemStep
2025-06-10 07:38:33 +0000  Running /usr/bin/ditto '-V' '/Users/he/Library/Developer/Xcode/Archives/2025-06-10/DevicesApp 2025-6-10, 15.36.xcarchive/Products/Applications/DevicesApp.app' '/var/folders/l0/bz27zb114p19gg3qsd0mmbl00000gn/T/XcodeDistPipeline.~~~5eFAfy/Root/Payload/DevicesApp.app'
2025-06-10 07:38:33 +0000  >>> Copying /Users/he/Library/Developer/Xcode/Archives/2025-06-10/DevicesApp 2025-6-10, 15.36.xcarchive/Products/Applications/DevicesApp.app 
2025-06-10 07:38:33 +0000  copying file ./_CodeSignature/CodeResources ... 
2025-06-10 07:38:33 +0000  2823 bytes for ./_CodeSignature/CodeResources
2025-06-10 07:38:33 +0000  copying file ./zh-Hans.lproj/Localizable.strings ... 
2025-06-10 07:38:33 +0000  278 bytes for ./zh-Hans.lproj/Localizable.strings
2025-06-10 07:38:33 +0000  copying file ./en.lproj/Localizable.strings ... 
2025-06-10 07:38:33 +0000  278 bytes for ./en.lproj/Localizable.strings
2025-06-10 07:38:33 +0000  copying file ./DevicesApp ... 
2025-06-10 07:38:33 +0000  188384 bytes for ./DevicesApp
2025-06-10 07:38:33 +0000  copying file ./embedded.mobileprovision ... 
2025-06-10 07:38:33 +0000  12866 bytes for ./embedded.mobileprovision
2025-06-10 07:38:33 +0000  copying file ./Info.plist ... 
2025-06-10 07:38:33 +0000  1866 bytes for ./Info.plist
2025-06-10 07:38:33 +0000  copying file ./PkgInfo ... 
2025-06-10 07:38:33 +0000  8 bytes for ./PkgInfo
2025-06-10 07:38:33 +0000  /usr/bin/ditto exited with 0
2025-06-10 07:38:33 +0000  Processing step: IDEDistributionEmbedProfileStep
2025-06-10 07:38:33 +0000  Processing step: IDEDistributionInfoPlistStep
2025-06-10 07:38:33 +0000  Skipping step: IDEDistributionInfoPlistStep because it said so
2025-06-10 07:38:33 +0000  Processing step: IDEDistributionAppThinningPlistStep
2025-06-10 07:38:33 +0000  Skipping step: IDEDistributionAppThinningPlistStep because it said so
2025-06-10 07:38:33 +0000  Processing step: IDEDistributionSymbolsStep
2025-06-10 07:38:33 +0000  Skipping step: IDEDistributionSymbolsStep because it said so
2025-06-10 07:38:33 +0000  Processing step: IDEDistributionAppThinningStep
2025-06-10 07:38:33 +0000  Skipping step: IDEDistributionAppThinningStep because it said so
2025-06-10 07:38:33 +0000  Processing step: IDEDistributionArchThinningStep
2025-06-10 07:38:33 +0000  Item /Users/he/Library/Developer/Xcode/Archives/2025-06-10/DevicesApp 2025-6-10, 15.36.xcarchive/Products/Applications/DevicesApp.app doesn't have the entitlement com.apple.developer.web-browser-engine.host enabled, returning ["arm64e"]
2025-06-10 07:38:33 +0000  Archs to thin for item /Users/he/Library/Developer/Xcode/Archives/2025-06-10/DevicesApp 2025-6-10, 15.36.xcarchive/Products/Applications/DevicesApp.app are ["arm64e"]
2025-06-10 07:38:33 +0000  Running /Applications/Xcode.app/Contents/Developer/Toolchains/XcodeDefault.xctoolchain/usr/bin/lipo '/var/folders/l0/bz27zb114p19gg3qsd0mmbl00000gn/T/XcodeDistPipeline.~~~5eFAfy/Root/Payload/DevicesApp.app/DevicesApp' '-verify_arch' 'arm64e'
2025-06-10 07:38:33 +0000  /Applications/Xcode.app/Contents/Developer/Toolchains/XcodeDefault.xctoolchain/usr/bin/lipo exited with 1
2025-06-10 07:38:33 +0000  Skipping architecture thinning for item "DevicesApp" because arch "arm64e" wasn't found
2025-06-10 07:38:33 +0000  Processing step: IDEDistributionODRStep
2025-06-10 07:38:33 +0000  Processing step: IDEDistributionStripXattrsStep
2025-06-10 07:38:33 +0000  Skipping stripping extended attributes because the codesign step will strip them.
2025-06-10 07:38:33 +0000  Processing step: IDEDistributionCodesignStep
2025-06-10 07:38:33 +0000  Entitlements for <IDEDistributionItem: 0x6000c2ffc060; bundleID='com.hwq.DevicesApp', path='<DVTFilePath:0x6000c20be0a0:'/Users/he/Library/Developer/Xcode/Archives/2025-06-10/DevicesApp 2025-6-10, 15.36.xcarchive/Products/Applications/DevicesApp.app'>', codeSigningInfo='<_DVTCodeSigningInformation_Path: 0x6000c2ffcf00; isSigned='1', isAdHocSigned='0', signingCertificate='<DVTSigningCertificate: 0x60009bff2400; name='Apple Development: Chang Qing Tan (XCXW95JZXY)', hash='DC3BCBF34F24A8CAB92CF740F21EE86AEA751237', serialNumber='4E50EDDDABB20B91419D8B3CE4F62580', certificateKinds='(
    "1.2.840.113635.100.6.1.12",
    "1.2.840.113635.100.6.1.2"
), issueDate='2025-05-27 12:02:31 +0000''>', entitlements='{
    "application-identifier" = "7K3899X2M9.com.hwq.DevicesApp";
    "com.apple.developer.team-identifier" = 7K3899X2M9;
    "get-task-allow" = 1;
}', teamID='7K3899X2M9', identifier='com.hwq.DevicesApp', executablePath='<DVTFilePath:0x6000c20bc120:'/Users/he/Library/Developer/Xcode/Archives/2025-06-10/DevicesApp 2025-6-10, 15.36.xcarchive/Products/Applications/DevicesApp.app/DevicesApp'>', hardenedRuntime='0'>'>: {
    "application-identifier" = "7K3899X2M9.com.hwq.DevicesApp";
    "com.apple.developer.team-identifier" = 7K3899X2M9;
    "get-task-allow" = 1;
}
2025-06-10 07:38:33 +0000  Associated App Clip Identifiers Filter: Skipping because "com.apple.developer.associated-appclip-app-identifiers" is not present
2025-06-10 07:38:33 +0000  Entitlements for <IDEDistributionItem: 0x6000c2ffc060; bundleID='com.hwq.DevicesApp', path='<DVTFilePath:0x6000c20be0a0:'/Users/he/Library/Developer/Xcode/Archives/2025-06-10/DevicesApp 2025-6-10, 15.36.xcarchive/Products/Applications/DevicesApp.app'>', codeSigningInfo='<_DVTCodeSigningInformation_Path: 0x6000c2ffcf00; isSigned='1', isAdHocSigned='0', signingCertificate='<DVTSigningCertificate: 0x60009bff2400; name='Apple Development: Chang Qing Tan (XCXW95JZXY)', hash='DC3BCBF34F24A8CAB92CF740F21EE86AEA751237', serialNumber='4E50EDDDABB20B91419D8B3CE4F62580', certificateKinds='(
    "1.2.840.113635.100.6.1.12",
    "1.2.840.113635.100.6.1.2"
), issueDate='2025-05-27 12:02:31 +0000''>', entitlements='{
    "application-identifier" = "7K3899X2M9.com.hwq.DevicesApp";
    "com.apple.developer.team-identifier" = 7K3899X2M9;
    "get-task-allow" = 1;
}', teamID='7K3899X2M9', identifier='com.hwq.DevicesApp', executablePath='<DVTFilePath:0x6000c20bc120:'/Users/he/Library/Developer/Xcode/Archives/2025-06-10/DevicesApp 2025-6-10, 15.36.xcarchive/Products/Applications/DevicesApp.app/DevicesApp'>', hardenedRuntime='0'>'> are: {
    "application-identifier" = "7K3899X2M9.com.hwq.DevicesApp";
    "com.apple.developer.team-identifier" = 7K3899X2M9;
    "get-task-allow" = 1;
}
2025-06-10 07:38:33 +0000  Writing entitlements for <IDEDistributionItem: 0x6000c2ffc060; bundleID='com.hwq.DevicesApp', path='<DVTFilePath:0x6000c20be0a0:'/Users/he/Library/Developer/Xcode/Archives/2025-06-10/DevicesApp 2025-6-10, 15.36.xcarchive/Products/Applications/DevicesApp.app'>', codeSigningInfo='<_DVTCodeSigningInformation_Path: 0x6000c2ffcf00; isSigned='1', isAdHocSigned='0', signingCertificate='<DVTSigningCertificate: 0x60009b0d4b40; name='Apple Development: Chang Qing Tan (XCXW95JZXY)', hash='DC3BCBF34F24A8CAB92CF740F21EE86AEA751237', serialNumber='4E50EDDDABB20B91419D8B3CE4F62580', certificateKinds='(
    "1.2.840.113635.100.6.1.12",
    "1.2.840.113635.100.6.1.2"
), issueDate='2025-05-27 12:02:31 +0000''>', entitlements='{
    "application-identifier" = "7K3899X2M9.com.hwq.DevicesApp";
    "com.apple.developer.team-identifier" = 7K3899X2M9;
    "get-task-allow" = 1;
}', teamID='7K3899X2M9', identifier='com.hwq.DevicesApp', executablePath='<DVTFilePath:0x6000c20bc120:'/Users/he/Library/Developer/Xcode/Archives/2025-06-10/DevicesApp 2025-6-10, 15.36.xcarchive/Products/Applications/DevicesApp.app/DevicesApp'>', hardenedRuntime='0'>'> to: /var/folders/l0/bz27zb114p19gg3qsd0mmbl00000gn/T/XcodeDistPipeline.~~~5eFAfy/entitlements~~~eo1t38
2025-06-10 07:38:33 +0000  invoking codesign: <NSConcreteTask: 0x6000626b2260; launchPath='/usr/bin/codesign', arguments='(
    "-f",
    "-s",
    DC3BCBF34F24A8CAB92CF740F21EE86AEA751237,
    "--entitlements",
    "/var/folders/l0/bz27zb114p19gg3qsd0mmbl00000gn/T/XcodeDistPipeline.~~~5eFAfy/entitlements~~~eo1t38",
    "--preserve-metadata=identifier,flags,runtime",
    "--generate-entitlement-der",
    "--strip-disallowed-xattrs",
    "-vvv",
    "/var/folders/l0/bz27zb114p19gg3qsd0mmbl00000gn/T/XcodeDistPipeline.~~~5eFAfy/Root/Payload/DevicesApp.app"
)'>
2025-06-10 07:38:33 +0000  codesign output: /var/folders/l0/bz27zb114p19gg3qsd0mmbl00000gn/T/XcodeDistPipeline.~~~5eFAfy/Root/Payload/DevicesApp.app: replacing existing signature
/var/folders/l0/bz27zb114p19gg3qsd0mmbl00000gn/T/XcodeDistPipeline.~~~5eFAfy/Root/Payload/DevicesApp.app: signed app bundle with Mach-O thin (arm64) [com.hwq.DevicesApp]
2025-06-10 07:38:33 +0000  Processing step: IDEDistributionZipODRItemStep
2025-06-10 07:38:33 +0000  Skipping step: IDEDistributionZipODRItemStep because it said so
2025-06-10 07:38:33 +0000  Processing step: IDEDistributionCreateIPAStep
2025-06-10 07:38:33 +0000  Running /usr/bin/ditto '-V' '-c' '-k' '--norsrc' '/var/folders/l0/bz27zb114p19gg3qsd0mmbl00000gn/T/XcodeDistPipeline.~~~5eFAfy/Root' '/var/folders/l0/bz27zb114p19gg3qsd0mmbl00000gn/T/XcodeDistPipeline.~~~5eFAfy/Packages/DevicesApp.ipa'
2025-06-10 07:38:33 +0000  >>> Copying /var/folders/l0/bz27zb114p19gg3qsd0mmbl00000gn/T/XcodeDistPipeline.~~~5eFAfy/Root 
2025-06-10 07:38:33 +0000  copying file ./Payload/DevicesApp.app/_CodeSignature/CodeResources ... 
2025-06-10 07:38:33 +0000  2823 bytes for ./Payload/DevicesApp.app/_CodeSignature/CodeResources
2025-06-10 07:38:33 +0000  copying file ./Payload/DevicesApp.app/zh-Hans.lproj/Localizable.strings ... 
2025-06-10 07:38:33 +0000  278 bytes for ./Payload/DevicesApp.app/zh-Hans.lproj/Localizable.strings
2025-06-10 07:38:33 +0000  copying file ./Payload/DevicesApp.app/en.lproj/Localizable.strings ... 
2025-06-10 07:38:33 +0000  278 bytes for ./Payload/DevicesApp.app/en.lproj/Localizable.strings
2025-06-10 07:38:33 +0000  copying file ./Payload/DevicesApp.app/DevicesApp ... 
2025-06-10 07:38:33 +0000  188384 bytes for ./Payload/DevicesApp.app/DevicesApp
2025-06-10 07:38:33 +0000  copying file ./Payload/DevicesApp.app/embedded.mobileprovision ... 
2025-06-10 07:38:33 +0000  12866 bytes for ./Payload/DevicesApp.app/embedded.mobileprovision
2025-06-10 07:38:33 +0000  copying file ./Payload/DevicesApp.app/Info.plist ... 
2025-06-10 07:38:33 +0000  1866 bytes for ./Payload/DevicesApp.app/Info.plist
2025-06-10 07:38:33 +0000  copying file ./Payload/DevicesApp.app/PkgInfo ... 
8 bytes for ./Payload/DevicesApp.app/PkgInfo
2025-06-10 07:38:33 +0000  /usr/bin/ditto exited with 0
2025-06-10 07:38:33 +0000  Processing step: IDEDistributionAppStoreInformationStep
2025-06-10 07:38:33 +0000  Skipping step: IDEDistributionAppStoreInformationStep because it said so
2025-06-10 07:38:33 +0000  Processing step: IDEDistributionGenerateProcessedDistributionItems
2025-06-10 07:38:33 +0000  IDEDistributionItem init <DVTFilePath:0x6000961d2c40:'/var/folders/l0/bz27zb114p19gg3qsd0mmbl00000gn/T/XcodeDistPipeline.~~~5eFAfy/Root/Payload/DevicesApp.app'>
2025-06-10 07:38:33 +0000  Processing step: IDEDistributionCreateManifestStep
